<?xml version="1.0" encoding="utf-8" standalone="no"?>
<test-results xmlns:xsi="http://www.w3.org/2001/XMLSchema-instance" xsi:noNamespaceSchemaLocation="nunit_schema_2.5.xsd" name="Pester" total="57" errors="0" failures="0" not-run="0" inconclusive="0" ignored="0" skipped="0" invalid="0" date="2026-08-30" time="15:24:34">
  <environment platform="Darwin" nunit-version="2.5.8.0" user="jdevito" user-domain="" machine-name="jdevito-pd-mbp02.thedevitos" os-version="25.6.0" cwd="/Users/jdevito/Documents/GitHub/pd/workflow-templates" clr-version="10.0.11" />
  <culture-info current-culture="en-US" current-uiculture="en-US" />
  <test-suite type="TestFixture" name="Pester" executed="True" result="Success" success="True" time="15.9344" asserts="0" description="Pester">
    <results>
      <test-suite type="TestFixture" name="/Users/jdevito/Documents/GitHub/pd/workflow-templates/tests/pester/apply-essentials-version-prefix.Tests.ps1" executed="True" result="Success" success="True" time="3.4905" asserts="0" description="/Users/jdevito/Documents/GitHub/pd/workflow-templates/tests/pester/apply-essentials-version-prefix.Tests.ps1">
        <results>
          <test-suite type="TestFixture" name="apply-essentials-version-prefix" executed="True" result="Success" success="True" time="3.3477" asserts="0" description="apply-essentials-version-prefix">
            <results>
              <test-suite type="TestFixture" name="apply-essentials-version-prefix.explicit essentials-major" executed="True" result="Success" success="True" time="1.8022" asserts="0" description="apply-essentials-version-prefix.explicit essentials-major">
                <results>
                  <test-case description="prefixes 3-Series (major 1): 2.3.1 -&gt; 1002.3.1" name="apply-essentials-version-prefix.explicit essentials-major.prefixes 3-Series (major 1): 2.3.1 -&gt; 1002.3.1" time="0.3377" asserts="0" success="True" result="Success" executed="True" />
                  <test-case description="prefixes 4-Series (major 2): 2.3.1 -&gt; 2002.3.1" name="apply-essentials-version-prefix.explicit essentials-major.prefixes 4-Series (major 2): 2.3.1 -&gt; 2002.3.1" time="0.2276" asserts="0" success="True" result="Success" executed="True" />
                  <test-case description="preserves a prerelease suffix" name="apply-essentials-version-prefix.explicit essentials-major.preserves a prerelease suffix" time="0.2287" asserts="0" success="True" result="Success" executed="True" />
                  <test-case description="is idempotent: applying twice equals applying once" name="apply-essentials-version-prefix.explicit essentials-major.is idempotent: applying twice equals applying once" time="0.4721" asserts="0" success="True" result="Success" executed="True" />
                  <test-case description="idempotent after a minor bump: 1002.4.0 + major 1 -&gt; 1002.4.0" name="apply-essentials-version-prefix.explicit essentials-major.idempotent after a minor bump: 1002.4.0 + major 1 -&gt; 1002.4.0" time="0.2571" asserts="0" success="True" result="Success" executed="True" />
                  <test-case description="idempotent after a breaking bump within range: 1003.0.0 + major 1 -&gt; 1003.0.0" name="apply-essentials-version-prefix.explicit essentials-major.idempotent after a breaking bump within range: 1003.0.0 + major 1 -&gt; 1003.0.0" time="0.2573" asserts="0" success="True" result="Success" executed="True" />
                </results>
              </test-suite>
              <test-suite type="TestFixture" name="apply-essentials-version-prefix.auto-detect from csproj" executed="True" result="Success" success="True" time="2.3991" asserts="0" description="apply-essentials-version-prefix.auto-detect from csproj">
                <results>
                  <test-case description="reads the PepperDashEssentials major from a .4Series.csproj" name="apply-essentials-version-prefix.auto-detect from csproj.reads the PepperDashEssentials major from a .4Series.csproj" time="0.2671" asserts="0" success="True" result="Success" executed="True" />
                  <test-case description="fails clearly when no csproj is present" name="apply-essentials-version-prefix.auto-detect from csproj.fails clearly when no csproj is present" time="0.3275" asserts="0" success="True" result="Success" executed="True" />
                </results>
              </test-suite>
              <test-suite type="TestFixture" name="apply-essentials-version-prefix.bad input" executed="True" result="Success" success="True" time="3.3432" asserts="0" description="apply-essentials-version-prefix.bad input">
                <results>
                  <test-case description="rejects a non-semver version" name="apply-essentials-version-prefix.bad input.rejects a non-semver version" time="0.3141" asserts="0" success="True" result="Success" executed="True" />
                  <test-case description="rejects a missing version input" name="apply-essentials-version-prefix.bad input.rejects a missing version input" time="0.3156" asserts="0" success="True" result="Success" executed="True" />
                  <test-case description="rejects a non-integer essentials-major" name="apply-essentials-version-prefix.bad input.rejects a non-integer essentials-major" time="0.3113" asserts="0" success="True" result="Success" executed="True" />
                </results>
              </test-suite>
            </results>
          </test-suite>
        </results>
      </test-suite>
      <test-suite type="TestFixture" name="/Users/jdevito/Documents/GitHub/pd/workflow-templates/tests/pester/batch3-actions.Tests.ps1" executed="True" result="Success" success="True" time="4.3833" asserts="0" description="/Users/jdevito/Documents/GitHub/pd/workflow-templates/tests/pester/batch3-actions.Tests.ps1">
        <results>
          <test-suite type="TestFixture" name="update-assembly-info" executed="True" result="Success" success="True" time="0.8063" asserts="0" description="update-assembly-info">
            <results>
              <test-case description="sets AssemblyVersion to base.* and AssemblyInformationalVersion to the full string" name="update-assembly-info.sets AssemblyVersion to base.* and AssemblyInformationalVersion to the full string" time="0.2586" asserts="0" success="True" result="Success" executed="True" />
              <test-case description="warns (does not fail) when there are no AssemblyInfo files" name="update-assembly-info.warns (does not fail) when there are no AssemblyInfo files" time="0.2291" asserts="0" success="True" result="Success" executed="True" />
              <test-case description="rejects a non x.y.z version" name="update-assembly-info.rejects a non x.y.z version" time="0.3169" asserts="0" success="True" result="Success" executed="True" />
            </results>
          </test-suite>
          <test-suite type="TestFixture" name="pack-nuget" executed="True" result="Success" success="True" time="1.6695" asserts="0" description="pack-nuget">
            <results>
              <test-case description="skips (exit 0) for the EssentialsPluginTemplate" name="pack-nuget.skips (exit 0) for the EssentialsPluginTemplate" time="0.2325" asserts="0" success="True" result="Success" executed="True" />
              <test-case description="fails clearly when the nuspec file is missing" name="pack-nuget.fails clearly when the nuspec file is missing" time="0.3254" asserts="0" success="True" result="Success" executed="True" />
              <test-case description="fails when no nuspec-file name is supplied" name="pack-nuget.fails when no nuspec-file name is supplied" time="0.3037" asserts="0" success="True" result="Success" executed="True" />
            </results>
          </test-suite>
          <test-suite type="TestFixture" name="publish-nuget-org fail-closed gate" executed="True" result="Success" success="True" time="2.3755" asserts="0" description="publish-nuget-org fail-closed gate">
            <results>
              <test-case description="skips for a non-PepperDash owner" name="publish-nuget-org fail-closed gate.skips for a non-PepperDash owner" time="0.2301" asserts="0" success="True" result="Success" executed="True" />
              <test-case description="skips for a private PepperDash repo" name="publish-nuget-org fail-closed gate.skips for a private PepperDash repo" time="0.2336" asserts="0" success="True" result="Success" executed="True" />
              <test-case description="passes the gate for public PepperDash but exits 0 when there is no package" name="publish-nuget-org fail-closed gate.passes the gate for public PepperDash but exits 0 when there is no package" time="0.2408" asserts="0" success="True" result="Success" executed="True" />
            </results>
          </test-suite>
          <test-suite type="TestFixture" name="add-files-to-nupkg" executed="True" result="Success" success="True" time="2.8821" asserts="0" description="add-files-to-nupkg">
            <results>
              <test-case description="injects schema files into every .nupkg under output/" name="add-files-to-nupkg.injects schema files into every .nupkg under output/" time="0.2743" asserts="0" success="True" result="Success" executed="True" />
              <test-case description="no-op (exit 0) when the source dir is empty and required=false" name="add-files-to-nupkg.no-op (exit 0) when the source dir is empty and required=false" time="0.2302" asserts="0" success="True" result="Success" executed="True" />
            </results>
          </test-suite>
          <test-suite type="TestFixture" name="embed-devtools-spa" executed="True" result="Success" success="True" time="3.1123" asserts="0" description="embed-devtools-spa">
            <results>
              <test-case description="is a no-op (exit 0) when devtools-version is empty" name="embed-devtools-spa.is a no-op (exit 0) when devtools-version is empty" time="0.229" asserts="0" success="True" result="Success" executed="True" />
            </results>
          </test-suite>
          <test-suite type="TestFixture" name="dotnet-build input validation" executed="True" result="Success" success="True" time="3.4376" asserts="0" description="dotnet-build input validation">
            <results>
              <test-case description="fails clearly when the solution file is missing" name="dotnet-build input validation.fails clearly when the solution file is missing" time="0.3242" asserts="0" success="True" result="Success" executed="True" />
            </results>
          </test-suite>
          <test-suite type="TestFixture" name="cleanup-failed-release (bash)" executed="True" result="Success" success="True" time="3.9061" asserts="0" description="cleanup-failed-release (bash)">
            <results>
              <test-case description="with no tag and fail=false: exit 0, notes nothing to do" name="cleanup-failed-release (bash).with no tag and fail=false: exit 0, notes nothing to do" time="0.2318" asserts="0" success="True" result="Success" executed="True" />
              <test-case description="with fail=true: exits 1 (job marked failed)" name="cleanup-failed-release (bash).with fail=true: exits 1 (job marked failed)" time="0.2353" asserts="0" success="True" result="Success" executed="True" />
            </results>
          </test-suite>
          <test-suite type="TestFixture" name="upload-release scripts (bash)" executed="True" result="Success" success="True" time="4.3637" asserts="0" description="upload-release scripts (bash)">
            <results>
              <test-case description="validate.sh fails when tag is empty" name="upload-release scripts (bash).validate.sh fails when tag is empty" time="0.2325" asserts="0" success="True" result="Success" executed="True" />
              <test-case description="ensure-body.sh creates a placeholder CHANGELOG when missing" name="upload-release scripts (bash).ensure-body.sh creates a placeholder CHANGELOG when missing" time="0.224" asserts="0" success="True" result="Success" executed="True" />
            </results>
          </test-suite>
        </results>
      </test-suite>
      <test-suite type="TestFixture" name="/Users/jdevito/Documents/GitHub/pd/workflow-templates/tests/pester/copy-build-output.Tests.ps1" executed="True" result="Success" success="True" time="1.166" asserts="0" description="/Users/jdevito/Documents/GitHub/pd/workflow-templates/tests/pester/copy-build-output.Tests.ps1">
        <results>
          <test-suite type="TestFixture" name="copy-build-output" executed="True" result="Success" success="True" time="1.1601" asserts="0" description="copy-build-output">
            <results>
              <test-case description="collects .cpz + matching .dll from bin/ and versions them (plugin mode)" name="copy-build-output.collects .cpz + matching .dll from bin/ and versions them (plugin mode)" time="0.3012" asserts="0" success="True" result="Success" executed="True" />
              <test-case description="essentials mode: versions the .cpz but leaves DLLs unrenamed" name="copy-build-output.essentials mode: versions the .cpz but leaves DLLs unrenamed" time="0.2677" asserts="0" success="True" result="Success" executed="True" />
              <test-case description="keeps a .3Series moniker and inserts the version before it" name="copy-build-output.keeps a .3Series moniker and inserts the version before it" time="0.2645" asserts="0" success="True" result="Success" executed="True" />
              <test-case description="fails clearly when no artifacts are found" name="copy-build-output.fails clearly when no artifacts are found" time="0.3257" asserts="0" success="True" result="Success" executed="True" />
            </results>
          </test-suite>
        </results>
      </test-suite>
      <test-suite type="TestFixture" name="/Users/jdevito/Documents/GitHub/pd/workflow-templates/tests/pester/create-nuspec.Tests.ps1" executed="True" result="Success" success="True" time="1.0588" asserts="0" description="/Users/jdevito/Documents/GitHub/pd/workflow-templates/tests/pester/create-nuspec.Tests.ps1">
        <results>
          <test-suite type="TestFixture" name="create-nuspec" executed="True" result="Success" success="True" time="1.0534" asserts="0" description="create-nuspec">
            <results>
              <test-case description="is a no-op for a non-plugin repo" name="create-nuspec.is a no-op for a non-plugin repo" time="0.2525" asserts="0" success="True" result="Success" executed="True" />
              <test-case description="embeds id, version, repository URL, assembly name and TypeNames" name="create-nuspec.embeds id, version, repository URL, assembly name and TypeNames" time="0.2775" asserts="0" success="True" result="Success" executed="True" />
              <test-case description="omits LICENSE.md / README.md file entries when they are absent" name="create-nuspec.omits LICENSE.md / README.md file entries when they are absent" time="0.2591" asserts="0" success="True" result="Success" executed="True" />
              <test-case description="produces well-formed XML even with special chars in the description" name="create-nuspec.produces well-formed XML even with special chars in the description" time="0.2633" asserts="0" success="True" result="Success" executed="True" />
            </results>
          </test-suite>
        </results>
      </test-suite>
      <test-suite type="TestFixture" name="/Users/jdevito/Documents/GitHub/pd/workflow-templates/tests/pester/generate-config-schema.Tests.ps1" executed="True" result="Success" success="True" time="1.25" asserts="0" description="/Users/jdevito/Documents/GitHub/pd/workflow-templates/tests/pester/generate-config-schema.Tests.ps1">
        <results>
          <test-suite type="TestFixture" name="generate-config-schema / discover-config-types" executed="True" result="Success" success="True" time="1.2439" asserts="0" description="generate-config-schema / discover-config-types">
            <results>
              <test-case description="extracts a simple ToObject() type" name="generate-config-schema / discover-config-types.extracts a simple ToObject() type" time="0.2573" asserts="0" success="True" result="Success" executed="True" />
              <test-case description="extracts a namespace-qualified type and dedupes across files" name="generate-config-schema / discover-config-types.extracts a namespace-qualified type and dedupes across files" time="0.2538" asserts="0" success="True" result="Success" executed="True" />
              <test-case description="ignores generated sources under obj/ and bin/" name="generate-config-schema / discover-config-types.ignores generated sources under obj/ and bin/" time="0.2445" asserts="0" success="True" result="Success" executed="True" />
              <test-case description="returns empty and notes it when there are no call sites" name="generate-config-schema / discover-config-types.returns empty and notes it when there are no call sites" time="0.2522" asserts="0" success="True" result="Success" executed="True" />
              <test-case description="an explicit types input short-circuits discovery" name="generate-config-schema / discover-config-types.an explicit types input short-circuits discovery" time="0.235" asserts="0" success="True" result="Success" executed="True" />
            </results>
          </test-suite>
        </results>
      </test-suite>
      <test-suite type="TestFixture" name="/Users/jdevito/Documents/GitHub/pd/workflow-templates/tests/pester/get-plugin-metadata.Tests.ps1" executed="True" result="Success" success="True" time="1.3032" asserts="0" description="/Users/jdevito/Documents/GitHub/pd/workflow-templates/tests/pester/get-plugin-metadata.Tests.ps1">
        <results>
          <test-suite type="TestFixture" name="get-plugin-metadata" executed="True" result="Success" success="True" time="1.2975" asserts="0" description="get-plugin-metadata">
            <results>
              <test-case description="extracts TypeNames from &quot;new List {...}&quot; (no parens)" name="get-plugin-metadata.extracts TypeNames from &quot;new List {...}&quot; (no parens)" time="0.2754" asserts="0" success="True" result="Success" executed="True" />
              <test-case description="extracts TypeNames from &quot;new List() { ... }&quot; (parens, odd spacing)" name="get-plugin-metadata.extracts TypeNames from &quot;new List() { ... }&quot; (parens, odd spacing)" time="0.2497" asserts="0" success="True" result="Success" executed="True" />
              <test-case description="dedupes across multiple factory files and picks the highest min framework version" name="get-plugin-metadata.dedupes across multiple factory files and picks the highest min framework version" time="0.2633" asserts="0" success="True" result="Success" executed="True" />
              <test-case description="ignores a factory with no TypeNames and .cs under obj/" name="get-plugin-metadata.ignores a factory with no TypeNames and .cs under obj/" time="0.2518" asserts="0" success="True" result="Success" executed="True" />
              <test-case description="non-plugin repo -&gt; is-csharp-plugin false, empty values, exit 0" name="get-plugin-metadata.non-plugin repo -&gt; is-csharp-plugin false, empty values, exit 0" time="0.2563" asserts="0" success="True" result="Success" executed="True" />
            </results>
          </test-suite>
        </results>
      </test-suite>
      <test-suite type="TestFixture" name="/Users/jdevito/Documents/GitHub/pd/workflow-templates/tests/pester/get-project-info.Tests.ps1" executed="True" result="Success" success="True" time="2.411" asserts="0" description="/Users/jdevito/Documents/GitHub/pd/workflow-templates/tests/pester/get-project-info.Tests.ps1">
        <results>
          <test-suite type="TestFixture" name="get-project-info" executed="True" result="Success" success="True" time="1.5917" asserts="0" description="get-project-info">
            <results>
              <test-case description="parses org/epi-make-model" name="get-project-info.parses org/epi-make-model" time="0.254" asserts="0" success="True" result="Success" executed="True" />
              <test-case description="dotted style (default) -&gt; Make.Model" name="get-project-info.dotted style (default) -&gt; Make.Model" time="0.2459" asserts="0" success="True" result="Success" executed="True" />
              <test-case description="concatenated style -&gt; MakeModel" name="get-project-info.concatenated style -&gt; MakeModel" time="0.2638" asserts="0" success="True" result="Success" executed="True" />
              <test-case description="handles a variant segment: epi-make-model-variant" name="get-project-info.handles a variant segment: epi-make-model-variant" time="0.2586" asserts="0" success="True" result="Success" executed="True" />
              <test-case description="non-plugin repo (single segment) -&gt; repo-is-plugin false" name="get-project-info.non-plugin repo (single segment) -&gt; repo-is-plugin false" time="0.248" asserts="0" success="True" result="Success" executed="True" />
              <test-case description="fails when GITHUB_REPOSITORY is unset" name="get-project-info.fails when GITHUB_REPOSITORY is unset" time="0.3204" asserts="0" success="True" result="Success" executed="True" />
            </results>
          </test-suite>
          <test-suite type="TestFixture" name="get-project-info and check-package-name round trip" executed="True" result="Success" success="True" time="2.4027" asserts="0" description="get-project-info and check-package-name round trip">
            <results>
              <test-case description="the dotted package id passes the package-name check for the same repo" name="get-project-info and check-package-name round trip.the dotted package id passes the package-name check for the same repo" time="0.4786" asserts="0" success="True" result="Success" executed="True" />
              <test-case description="a mismatched package id fails the check" name="get-project-info and check-package-name round trip.a mismatched package id fails the check" time="0.3314" asserts="0" success="True" result="Success" executed="True" />
            </results>
          </test-suite>
        </results>
      </test-suite>
      <test-suite type="TestFixture" name="/Users/jdevito/Documents/GitHub/pd/workflow-templates/tests/pester/get-sln-info.Tests.ps1" executed="True" result="Success" success="True" time="0.8716" asserts="0" description="/Users/jdevito/Documents/GitHub/pd/workflow-templates/tests/pester/get-sln-info.Tests.ps1">
        <results>
          <test-suite type="TestFixture" name="get-sln-info" executed="True" result="Success" success="True" time="0.8651" asserts="0" description="get-sln-info">
            <results>
              <test-case description="finds a .4Series.sln nested in src/ and reports its base name" name="get-sln-info.finds a .4Series.sln nested in src/ and reports its base name" time="0.254" asserts="0" success="True" result="Success" executed="True" />
              <test-case description="fails with a clear message when nothing matches" name="get-sln-info.fails with a clear message when nothing matches" time="0.3058" asserts="0" success="True" result="Success" executed="True" />
              <test-case description="requires the filter input" name="get-sln-info.requires the filter input" time="0.3042" asserts="0" success="True" result="Success" executed="True" />
            </results>
          </test-suite>
        </results>
      </test-suite>
    </results>
  </test-suite>
</test-results>